<?xml version="1.0" encoding="UTF-8"?>
<!-- Generated by org.testng.reporters.JUnitReportReporter -->
<testsuite hostname="DESKTOP-QSLF747" failures="0" tests="2" name="practise.Login" time="12.291" errors="0" timestamp="2024-03-01T16:07:52 IST" skipped="0">
  <testcase classname="practise.Login" name="loginwithvalidcredentials" time="5.171"/>
  <testcase classname="practise.Login" name="loginwithemptyfields" time="7.120"/>
</testsuite> <!-- practise.Login -->
