<?xml version="1.0" encoding="UTF-8"?>
<!-- Generated by org.testng.reporters.JUnitReportReporter -->
<testsuite hostname="DESKTOP-QSLF747" failures="0" tests="2" name="TestCases.Register" time="16.056" errors="0" timestamp="2024-03-01T16:03:49 IST" skipped="0">
  <testcase classname="TestCases.Register" name="RegisterWithMandaatoryFields" time="7.144"/>
  <testcase classname="TestCases.Register" name="RegisterWithAllFields" time="8.912"/>
</testsuite> <!-- TestCases.Register -->
