<?xml version="1.0" encoding="UTF-8"?>
<testsuite xmlns:xsi="http://www.w3.org/2001/XMLSchema-instance" xsi:noNamespaceSchemaLocation="https://maven.apache.org/surefire/maven-surefire-plugin/xsd/surefire-test-report.xsd" name="runnerClass.UberTest" time="0.082" tests="3" errors="0" skipped="3" failures="0">
  <properties>
    <property name="sun.desktop" value="windows"/>
    <property name="awt.toolkit" value="sun.awt.windows.WToolkit"/>
    <property name="java.specification.version" value="11"/>
    <property name="sun.cpu.isalist" value="amd64"/>
    <property name="sun.jnu.encoding" value="Cp1252"/>
    <property name="java.class.path" value="D:\practize\com.Cucumber.Practice\target\test-classes;D:\practize\com.Cucumber.Practice\target\classes;C:\Users\vinay\.m2\repository\junit\junit\4.13.1\junit-4.13.1.jar;C:\Users\vinay\.m2\repository\org\hamcrest\hamcrest-core\1.3\hamcrest-core-1.3.jar;C:\Users\vinay\.m2\repository\io\cucumber\cucumber-junit\4.8.1\cucumber-junit-4.8.1.jar;C:\Users\vinay\.m2\repository\org\apiguardian\apiguardian-api\1.1.0\apiguardian-api-1.1.0.jar;C:\Users\vinay\.m2\repository\io\cucumber\cucumber-java\4.7.2\cucumber-java-4.7.2.jar;C:\Users\vinay\.m2\repository\net\masterthought\cucumber-reporting\5.7.2\cucumber-reporting-5.7.2.jar;C:\Users\vinay\.m2\repository\com\fasterxml\jackson\core\jackson-databind\2.13.2.2\jackson-databind-2.13.2.2.jar;C:\Users\vinay\.m2\repository\com\fasterxml\jackson\core\jackson-annotations\2.13.2\jackson-annotations-2.13.2.jar;C:\Users\vinay\.m2\repository\com\fasterxml\jackson\core\jackson-core\2.13.2\jackson-core-2.13.2.jar;C:\Users\vinay\.m2\repository\com\fasterxml\jackson\datatype\jackson-datatype-jsr310\2.13.2\jackson-datatype-jsr310-2.13.2.jar;C:\Users\vinay\.m2\repository\org\apache\velocity\velocity-engine-core\2.3\velocity-engine-core-2.3.jar;C:\Users\vinay\.m2\repository\org\slf4j\slf4j-api\1.7.30\slf4j-api-1.7.30.jar;C:\Users\vinay\.m2\repository\commons-collections\commons-collections\3.2.2\commons-collections-3.2.2.jar;C:\Users\vinay\.m2\repository\joda-time\joda-time\2.10.14\joda-time-2.10.14.jar;C:\Users\vinay\.m2\repository\org\apache\commons\commons-lang3\3.12.0\commons-lang3-3.12.0.jar;C:\Users\vinay\.m2\repository\commons-io\commons-io\2.7\commons-io-2.7.jar;C:\Users\vinay\.m2\repository\org\codehaus\plexus\plexus-utils\3.4.2\plexus-utils-3.4.2.jar;C:\Users\vinay\.m2\repository\org\jsoup\jsoup\1.15.1\jsoup-1.15.1.jar;C:\Users\vinay\.m2\repository\com\google\guava\guava\31.1-jre\guava-31.1-jre.jar;C:\Users\vinay\.m2\repository\com\google\guava\failureaccess\1.0.1\failureaccess-1.0.1.jar;C:\Users\vinay\.m2\repository\com\google\guava\listenablefuture\9999.0-empty-to-avoid-conflict-with-guava\listenablefuture-9999.0-empty-to-avoid-conflict-with-guava.jar;C:\Users\vinay\.m2\repository\com\google\code\findbugs\jsr305\3.0.2\jsr305-3.0.2.jar;C:\Users\vinay\.m2\repository\org\checkerframework\checker-qual\3.12.0\checker-qual-3.12.0.jar;C:\Users\vinay\.m2\repository\com\google\errorprone\error_prone_annotations\2.11.0\error_prone_annotations-2.11.0.jar;C:\Users\vinay\.m2\repository\com\google\j2objc\j2objc-annotations\1.3\j2objc-annotations-1.3.jar;C:\Users\vinay\.m2\repository\com\googlecode\owasp-java-html-sanitizer\owasp-java-html-sanitizer\20211018.2\owasp-java-html-sanitizer-20211018.2.jar;C:\Users\vinay\.m2\repository\commons-configuration\commons-configuration\1.10\commons-configuration-1.10.jar;C:\Users\vinay\.m2\repository\commons-lang\commons-lang\2.6\commons-lang-2.6.jar;C:\Users\vinay\.m2\repository\commons-logging\commons-logging\1.1.1\commons-logging-1.1.1.jar;C:\Users\vinay\.m2\repository\io\cucumber\cucumber-core\4.7.2\cucumber-core-4.7.2.jar;C:\Users\vinay\.m2\repository\io\cucumber\gherkin\5.1.0\gherkin-5.1.0.jar;C:\Users\vinay\.m2\repository\io\cucumber\tag-expressions\1.1.1\tag-expressions-1.1.1.jar;C:\Users\vinay\.m2\repository\io\cucumber\cucumber-expressions\7.0.2\cucumber-expressions-7.0.2.jar;C:\Users\vinay\.m2\repository\io\cucumber\datatable\1.1.14\datatable-1.1.14.jar;C:\Users\vinay\.m2\repository\io\cucumber\datatable-dependencies\1.1.14\datatable-dependencies-1.1.14.jar;"/>
    <property name="java.vm.vendor" value="Oracle Corporation"/>
    <property name="sun.arch.data.model" value="64"/>
    <property name="user.variant" value=""/>
    <property name="java.vendor.url" value="https://openjdk.java.net/"/>
    <property name="user.timezone" value="Asia/Calcutta"/>
    <property name="java.vm.specification.version" value="11"/>
    <property name="os.name" value="Windows 10"/>
    <property name="sun.java.launcher" value="SUN_STANDARD"/>
    <property name="user.country" value="IN"/>
    <property name="sun.boot.library.path" value="C:\Program Files\Java\jdk-11.0.12\bin"/>
    <property name="sun.java.command" value="C:\Users\vinay\AppData\Local\Temp\surefire9505960673318577113\surefirebooter9499224975877440788.jar C:\Users\vinay\AppData\Local\Temp\surefire9505960673318577113 2022-12-05T22-10-08_119-jvmRun1 surefire6246758613285874836tmp surefire_013333266529871857257tmp"/>
    <property name="jdk.debug" value="release"/>
    <property name="surefire.test.class.path" value="D:\practize\com.Cucumber.Practice\target\test-classes;D:\practize\com.Cucumber.Practice\target\classes;C:\Users\vinay\.m2\repository\junit\junit\4.13.1\junit-4.13.1.jar;C:\Users\vinay\.m2\repository\org\hamcrest\hamcrest-core\1.3\hamcrest-core-1.3.jar;C:\Users\vinay\.m2\repository\io\cucumber\cucumber-junit\4.8.1\cucumber-junit-4.8.1.jar;C:\Users\vinay\.m2\repository\org\apiguardian\apiguardian-api\1.1.0\apiguardian-api-1.1.0.jar;C:\Users\vinay\.m2\repository\io\cucumber\cucumber-java\4.7.2\cucumber-java-4.7.2.jar;C:\Users\vinay\.m2\repository\net\masterthought\cucumber-reporting\5.7.2\cucumber-reporting-5.7.2.jar;C:\Users\vinay\.m2\repository\com\fasterxml\jackson\core\jackson-databind\2.13.2.2\jackson-databind-2.13.2.2.jar;C:\Users\vinay\.m2\repository\com\fasterxml\jackson\core\jackson-annotations\2.13.2\jackson-annotations-2.13.2.jar;C:\Users\vinay\.m2\repository\com\fasterxml\jackson\core\jackson-core\2.13.2\jackson-core-2.13.2.jar;C:\Users\vinay\.m2\repository\com\fasterxml\jackson\datatype\jackson-datatype-jsr310\2.13.2\jackson-datatype-jsr310-2.13.2.jar;C:\Users\vinay\.m2\repository\org\apache\velocity\velocity-engine-core\2.3\velocity-engine-core-2.3.jar;C:\Users\vinay\.m2\repository\org\slf4j\slf4j-api\1.7.30\slf4j-api-1.7.30.jar;C:\Users\vinay\.m2\repository\commons-collections\commons-collections\3.2.2\commons-collections-3.2.2.jar;C:\Users\vinay\.m2\repository\joda-time\joda-time\2.10.14\joda-time-2.10.14.jar;C:\Users\vinay\.m2\repository\org\apache\commons\commons-lang3\3.12.0\commons-lang3-3.12.0.jar;C:\Users\vinay\.m2\repository\commons-io\commons-io\2.7\commons-io-2.7.jar;C:\Users\vinay\.m2\repository\org\codehaus\plexus\plexus-utils\3.4.2\plexus-utils-3.4.2.jar;C:\Users\vinay\.m2\repository\org\jsoup\jsoup\1.15.1\jsoup-1.15.1.jar;C:\Users\vinay\.m2\repository\com\google\guava\guava\31.1-jre\guava-31.1-jre.jar;C:\Users\vinay\.m2\repository\com\google\guava\failureaccess\1.0.1\failureaccess-1.0.1.jar;C:\Users\vinay\.m2\repository\com\google\guava\listenablefuture\9999.0-empty-to-avoid-conflict-with-guava\listenablefuture-9999.0-empty-to-avoid-conflict-with-guava.jar;C:\Users\vinay\.m2\repository\com\google\code\findbugs\jsr305\3.0.2\jsr305-3.0.2.jar;C:\Users\vinay\.m2\repository\org\checkerframework\checker-qual\3.12.0\checker-qual-3.12.0.jar;C:\Users\vinay\.m2\repository\com\google\errorprone\error_prone_annotations\2.11.0\error_prone_annotations-2.11.0.jar;C:\Users\vinay\.m2\repository\com\google\j2objc\j2objc-annotations\1.3\j2objc-annotations-1.3.jar;C:\Users\vinay\.m2\repository\com\googlecode\owasp-java-html-sanitizer\owasp-java-html-sanitizer\20211018.2\owasp-java-html-sanitizer-20211018.2.jar;C:\Users\vinay\.m2\repository\commons-configuration\commons-configuration\1.10\commons-configuration-1.10.jar;C:\Users\vinay\.m2\repository\commons-lang\commons-lang\2.6\commons-lang-2.6.jar;C:\Users\vinay\.m2\repository\commons-logging\commons-logging\1.1.1\commons-logging-1.1.1.jar;C:\Users\vinay\.m2\repository\io\cucumber\cucumber-core\4.7.2\cucumber-core-4.7.2.jar;C:\Users\vinay\.m2\repository\io\cucumber\gherkin\5.1.0\gherkin-5.1.0.jar;C:\Users\vinay\.m2\repository\io\cucumber\tag-expressions\1.1.1\tag-expressions-1.1.1.jar;C:\Users\vinay\.m2\repository\io\cucumber\cucumber-expressions\7.0.2\cucumber-expressions-7.0.2.jar;C:\Users\vinay\.m2\repository\io\cucumber\datatable\1.1.14\datatable-1.1.14.jar;C:\Users\vinay\.m2\repository\io\cucumber\datatable-dependencies\1.1.14\datatable-dependencies-1.1.14.jar;"/>
    <property name="sun.cpu.endian" value="little"/>
    <property name="user.home" value="C:\Users\vinay"/>
    <property name="user.language" value="en"/>
    <property name="java.specification.vendor" value="Oracle Corporation"/>
    <property name="java.version.date" value="2021-07-20"/>
    <property name="java.home" value="C:\Program Files\Java\jdk-11.0.12"/>
    <property name="file.separator" value="\"/>
    <property name="basedir" value="D:\practize\com.Cucumber.Practice"/>
    <property name="java.vm.compressedOopsMode" value="32-bit"/>
    <property name="line.separator" value="&#10;"/>
    <property name="java.specification.name" value="Java Platform API Specification"/>
    <property name="java.vm.specification.vendor" value="Oracle Corporation"/>
    <property name="java.awt.graphicsenv" value="sun.awt.Win32GraphicsEnvironment"/>
    <property name="surefire.real.class.path" value="C:\Users\vinay\AppData\Local\Temp\surefire9505960673318577113\surefirebooter9499224975877440788.jar"/>
    <property name="user.script" value=""/>
    <property name="sun.management.compiler" value="HotSpot 64-Bit Tiered Compilers"/>
    <property name="java.runtime.version" value="11.0.12+8-LTS-237"/>
    <property name="user.name" value="vinay"/>
    <property name="path.separator" value=";"/>
    <property name="os.version" value="10.0"/>
    <property name="java.runtime.name" value="Java(TM) SE Runtime Environment"/>
    <property name="file.encoding" value="Cp1252"/>
    <property name="java.vm.name" value="Java HotSpot(TM) 64-Bit Server VM"/>
    <property name="java.vendor.version" value="18.9"/>
    <property name="localRepository" value="C:\Users\vinay\.m2\repository"/>
    <property name="java.vendor.url.bug" value="https://bugreport.java.com/bugreport/"/>
    <property name="java.io.tmpdir" value="C:\Users\vinay\AppData\Local\Temp\"/>
    <property name="java.version" value="11.0.12"/>
    <property name="user.dir" value="D:\practize\com.Cucumber.Practice"/>
    <property name="os.arch" value="amd64"/>
    <property name="java.vm.specification.name" value="Java Virtual Machine Specification"/>
    <property name="java.awt.printerjob" value="sun.awt.windows.WPrinterJob"/>
    <property name="sun.os.patch.level" value=""/>
    <property name="java.library.path" value="C:\Program Files\Java\jdk-11.0.12\bin;C:\WINDOWS\Sun\Java\bin;C:\WINDOWS\system32;C:\WINDOWS;C:\Program Files\Common Files\Oracle\Java\javapath;D:\oracle\product\10.2.0\db_1\bin;D:\oracle\product\10.2.0\db_3\bin;C:\apache-maven-3.8.6\bin;C:\Program Files\Java\jdk-11.0.12\bin;C:\apache-tomcat-9.0.54\bin;C:\WINDOWS\system32;C:\WINDOWS;C:\WINDOWS\System32\Wbem;C:\WINDOWS\System32\WindowsPowerShell\v1.0\;C:\WINDOWS\System32\OpenSSH\;C:\Program Files\Java\jre1.8.0_91\bin;%USERPROFILE%\AppData\Local\Microsoft\WindowsApps;;."/>
    <property name="java.vendor" value="Oracle Corporation"/>
    <property name="java.vm.info" value="mixed mode"/>
    <property name="java.vm.version" value="11.0.12+8-LTS-237"/>
    <property name="sun.io.unicode.encoding" value="UnicodeLittle"/>
    <property name="java.class.version" value="55.0"/>
  </properties>
  <testcase name="Booking Cab Sedan" classname="uber Booking Feature" time="0">
    <skipped message="This scenario is skipped"/>
    <system-out><![CDATA[@All
Feature: uber Booking Feature

  @All @Smoke
  Scenario: Booking Cab Sedan                                                            # src/test/resources/Features/uber.feature:6
    Given user wants to select a car type "Sedon" from uber application                  # UberBookingSteps.user_wants_to_select_a_car_type_sedon_from_uber_application(String)
    When user selects car "Sedon" and pick up point "Bangalore" and drop location "Pune" # UberBookingSteps.user_selects_car_and_pick_up_point_and_drop_location(String,String,String)
    Then Driver starts the journey                                                       # UberBookingSteps.driver_starts_the_journey()
    And Driver ends the journey                                                          # UberBookingSteps.driver_ends_the_journey()
    Then user pays 1300 USD                                                              # UberBookingSteps.user_pays_USD(Integer)
]]></system-out>
  </testcase>
  <testcase name="Booking Cab SUV" classname="uber Booking Feature" time="0">
    <skipped message="This scenario is skipped"/>
    <system-out><![CDATA[
  @All @Regression
  Scenario: Booking Cab SUV                                                              # src/test/resources/Features/uber.feature:14
    Given user wants to select a car type "suv" from uber application                    # UberBookingSteps.user_wants_to_select_a_car_type_sedon_from_uber_application(String)
    When user selects car "Sedon" and pick up point "Bangalore" and drop location "Pune" # UberBookingSteps.user_selects_car_and_pick_up_point_and_drop_location(String,String,String)
    Then Driver starts the journey                                                       # UberBookingSteps.driver_starts_the_journey()
    And Driver ends the journey                                                          # UberBookingSteps.driver_ends_the_journey()
    Then user pays 1080 USD                                                              # UberBookingSteps.user_pays_USD(Integer)
]]></system-out>
  </testcase>
  <testcase name="Booking Cab for Mini" classname="uber Booking Feature" time="0">
    <skipped message="This scenario is skipped"/>
    <system-out><![CDATA[
  @All @Prod
  Scenario: Booking Cab for Mini                                                         # src/test/resources/Features/uber.feature:22
    Given user wants to select a car type "Mini" from uber application                   # UberBookingSteps.user_wants_to_select_a_car_type_sedon_from_uber_application(String)
    When user selects car "Sedon" and pick up point "Bangalore" and drop location "Pune" # UberBookingSteps.user_selects_car_and_pick_up_point_and_drop_location(String,String,String)
    Then Driver starts the journey                                                       # UberBookingSteps.driver_starts_the_journey()
    And Driver ends the journey                                                          # UberBookingSteps.driver_ends_the_journey()
    Then user pays 2090 USD                                                              # UberBookingSteps.user_pays_USD(Integer)
]]></system-out>
  </testcase>
</testsuite>